

Microchip MPLAB XC8 Assembler V2.41 build 20230208172133 
                                                                                               Sun Oct 08 17:29:49 2023

Microchip MPLAB XC8 C Compiler v2.41 (Free license) build 20230208172133 Og1 
     1                           	processor	18F4520
     2                           	fnconf	rparam,??,?,0
     3                           	pagewidth 120
     4                           	opt	flic
     5                           	psect	cinit,global,reloc=2,class=CODE,delta=1
     6                           	psect	cstackCOMRAM,global,class=COMRAM,space=1,delta=1,lowdata,noexec
     7                           	psect	text0,global,reloc=2,class=CODE,delta=1
     8                           	psect	text1,global,reloc=2,class=CODE,delta=1
     9                           	psect	text2,global,reloc=2,class=CODE,delta=1,group=1
    10                           	psect	intsave_regs,global,class=BIGRAM,space=1,delta=1,noexec
    11                           	psect	rparam,global,class=COMRAM,space=1,delta=1,noexec
    12                           	psect	idloc,global,abs,ovrld,class=IDLOC,space=5,delta=1,noexec
    13                           	psect	config,global,abs,ovrld,class=CONFIG,space=4,delta=1,noexec
    14   000000                     
    15                           ; Generated 09/02/2023 GMT
    16                           ; 
    17                           ; Copyright © 2023, Microchip Technology Inc. and its subsidiaries ("Microchip")
    18                           ; All rights reserved.
    19                           ; 
    20                           ; This software is developed by Microchip Technology Inc. and its subsidiaries ("Microch
      +                          ip").
    21                           ; 
    22                           ; Redistribution and use in source and binary forms, with or without modification, are
    23                           ; permitted provided that the following conditions are met:
    24                           ; 
    25                           ;     1. Redistributions of source code must retain the above copyright notice, this lis
      +                          t of
    26                           ;        conditions and the following disclaimer.
    27                           ; 
    28                           ;     2. Redistributions in binary form must reproduce the above copyright notice, this 
      +                          list
    29                           ;        of conditions and the following disclaimer in the documentation and/or other
    30                           ;        materials provided with the distribution. Publication is not required when
    31                           ;        this file is used in an embedded application.
    32                           ; 
    33                           ;     3. Microchip's name may not be used to endorse or promote products derived from th
      +                          is
    34                           ;        software without specific prior written permission.
    35                           ; 
    36                           ; THIS SOFTWARE IS PROVIDED BY MICROCHIP "AS IS" AND ANY EXPRESS OR IMPLIED WARRANTIES,
    37                           ; INCLUDING, BUT NOT LIMITED TO, THE IMPLIED WARRANTIES OF MERCHANTABILITY AND FITNESS F
      +                          OR
    38                           ; PURPOSE ARE DISCLAIMED.  IN NO EVENT SHALL MICROCHIP BE LIABLE FOR ANY DIRECT, INDIREC
      +                          T,
    39                           ; INCIDENTAL, SPECIAL, EXEMPLARY, OR CONSEQUENTIAL DAMAGES (INCLUDING BUT NOT LIMITED TO
    40                           ; PROCUREMENT OF SUBSTITUTE GOODS OR SERVICES; LOSS OF USE, DATA OR PROFITS; OR BUSINESS
    41                           ; INTERRUPTION) HOWSOEVER CAUSED AND ON ANY THEORY OF LIABILITY, WHETHER IN CONTRACT, ST
      +                          RICT
    42                           ; LIABILITY, OR TORT (INCLUDING NEGLIGENCE OR OTHERWISE) ARISING IN ANY WAY OUT OF THE U
      +                          SE OF
    43                           ; THIS SOFTWARE, EVEN IF ADVISED OF THE POSSIBILITY OF SUCH DAMAGE.
    44                           ; 
    45                           ; 
    46                           ; Code-generator required, PIC18F4520 Definitions
    47                           ; 
    48                           ; SFR Addresses
    49   000000                     _PORTB	set	3969
    50   000000                     _TRISB	set	3987
    51                           
    52                           ; #config settings
    53                           
    54                           	psect	cinit
    55   007F38                     __pcinit:
    56                           	callstack 0
    57   007F38                     start_initialization:
    58                           	callstack 0
    59   007F38                     __initialization:
    60                           	callstack 0
    61   007F38                     end_of_initialization:
    62                           	callstack 0
    63   007F38                     __end_of__initialization:
    64                           	callstack 0
    65   007F38  0100               	movlb	0
    66   007F3A  EFD9  F03F         	goto	_main	;jump to C main() function
    67                           
    68                           	psect	cstackCOMRAM
    69   000001                     __pcstackCOMRAM:
    70                           	callstack 0
    71   000001                     ?___wmul:
    72                           	callstack 0
    73   000001                     ___wmul@multiplier:
    74                           	callstack 0
    75                           
    76                           ; 2 bytes @ 0x0
    77   000001                     	ds	2
    78   000003                     ___wmul@multiplicand:
    79                           	callstack 0
    80                           
    81                           ; 2 bytes @ 0x2
    82   000003                     	ds	2
    83   000005                     ___wmul@product:
    84                           	callstack 0
    85                           
    86                           ; 2 bytes @ 0x4
    87   000005                     	ds	2
    88   000007                     delay_seconds@seconds:
    89                           	callstack 0
    90                           
    91                           ; 2 bytes @ 0x6
    92   000007                     	ds	2
    93   000009                     delay_seconds@iterations:
    94                           	callstack 0
    95                           
    96                           ; 2 bytes @ 0x8
    97   000009                     	ds	2
    98   00000B                     delay_seconds@i:
    99                           	callstack 0
   100                           
   101                           ; 2 bytes @ 0xA
   102   00000B                     	ds	2
   103   00000D                     main@i:
   104                           	callstack 0
   105                           
   106                           ; 2 bytes @ 0xC
   107   00000D                     	ds	2
   108                           
   109 ;;
   110 ;;Main: autosize = 0, tempsize = 0, incstack = 0, save=0
   111 ;;
   112 ;; *************** function _main *****************
   113 ;; Defined at:
   114 ;;		line 39 in file "C:/MCT/Advanced PIC Projects in C/PICDEM-2-PLUS-C-Projects/Simple-PIC-Projects/01-Chasing-LEDs.X/ma
      +in.c"
   115 ;; Parameters:    Size  Location     Type
   116 ;;		None
   117 ;; Auto vars:     Size  Location     Type
   118 ;;  i               2   12[COMRAM] int 
   119 ;; Return value:  Size  Location     Type
   120 ;;                  1    wreg      void 
   121 ;; Registers used:
   122 ;;		wreg, status,2, status,0, prodl, prodh, cstack
   123 ;; Tracked objects:
   124 ;;		On entry : 0/0
   125 ;;		On exit  : 0/0
   126 ;;		Unchanged: 0/0
   127 ;; Data sizes:     COMRAM   BANK0   BANK1   BANK2   BANK3   BANK4   BANK5
   128 ;;      Params:         0       0       0       0       0       0       0
   129 ;;      Locals:         2       0       0       0       0       0       0
   130 ;;      Temps:          0       0       0       0       0       0       0
   131 ;;      Totals:         2       0       0       0       0       0       0
   132 ;;Total ram usage:        2 bytes
   133 ;; Hardware stack levels required when called: 2
   134 ;; This function calls:
   135 ;;		_delay_seconds
   136 ;; This function is called by:
   137 ;;		Startup code after reset
   138 ;; This function uses a non-reentrant model
   139 ;;
   140                           
   141                           	psect	text0
   142   007FB2                     __ptext0:
   143                           	callstack 0
   144   007FB2                     _main:
   145                           	callstack 29
   146   007FB2  0E00               	movlw	0
   147   007FB4  6E93               	movwf	147,c	;volatile
   148   007FB6  0E00               	movlw	0
   149   007FB8  6E81               	movwf	129,c	;volatile
   150   007FBA  0E00               	movlw	0
   151   007FBC  6E0E               	movwf	(main@i+1)^0,c
   152   007FBE  0E01               	movlw	1
   153   007FC0  6E0D               	movwf	main@i^0,c
   154   007FC2                     l737:
   155   007FC2  C00D  FF81         	movff	main@i,3969	;volatile
   156   007FC6  90D8               	bcf	status,0,c
   157   007FC8  340D               	rlcf	main@i^0,w,c
   158   007FCA  6E0D               	movwf	main@i^0,c
   159   007FCC  340E               	rlcf	(main@i+1)^0,w,c
   160   007FCE  6E0E               	movwf	(main@i+1)^0,c
   161   007FD0  0E10               	movlw	16
   162   007FD2  180D               	xorwf	main@i^0,w,c
   163   007FD4  100E               	iorwf	(main@i+1)^0,w,c
   164   007FD6  A4D8               	btfss	status,2,c
   165   007FD8  EFF0  F03F         	goto	u41
   166   007FDC  EFF2  F03F         	goto	u40
   167   007FE0                     u41:
   168   007FE0  EFF6  F03F         	goto	l745
   169   007FE4                     u40:
   170   007FE4  0E00               	movlw	0
   171   007FE6  6E0E               	movwf	(main@i+1)^0,c
   172   007FE8  0E01               	movlw	1
   173   007FEA  6E0D               	movwf	main@i^0,c
   174   007FEC                     l745:
   175   007FEC  0E00               	movlw	0
   176   007FEE  6E08               	movwf	(delay_seconds@seconds+1)^0,c
   177   007FF0  0E01               	movlw	1
   178   007FF2  6E07               	movwf	delay_seconds@seconds^0,c
   179   007FF4  ECB2  F03F         	call	_delay_seconds	;wreg free
   180   007FF8  EFE1  F03F         	goto	l737
   181   007FFC  EF00  F000         	goto	start
   182   008000                     __end_of_main:
   183                           	callstack 0
   184                           
   185 ;; *************** function _delay_seconds *****************
   186 ;; Defined at:
   187 ;;		line 26 in file "C:/MCT/Advanced PIC Projects in C/PICDEM-2-PLUS-C-Projects/Simple-PIC-Projects/01-Chasing-LEDs.X/ma
      +in.c"
   188 ;; Parameters:    Size  Location     Type
   189 ;;  seconds         2    6[COMRAM] unsigned int 
   190 ;; Auto vars:     Size  Location     Type
   191 ;;  i               2   10[COMRAM] unsigned int 
   192 ;;  iterations      2    8[COMRAM] unsigned int 
   193 ;; Return value:  Size  Location     Type
   194 ;;                  1    wreg      void 
   195 ;; Registers used:
   196 ;;		wreg, status,2, status,0, prodl, prodh, cstack
   197 ;; Tracked objects:
   198 ;;		On entry : 0/0
   199 ;;		On exit  : 0/0
   200 ;;		Unchanged: 0/0
   201 ;; Data sizes:     COMRAM   BANK0   BANK1   BANK2   BANK3   BANK4   BANK5
   202 ;;      Params:         2       0       0       0       0       0       0
   203 ;;      Locals:         4       0       0       0       0       0       0
   204 ;;      Temps:          0       0       0       0       0       0       0
   205 ;;      Totals:         6       0       0       0       0       0       0
   206 ;;Total ram usage:        6 bytes
   207 ;; Hardware stack levels used: 1
   208 ;; Hardware stack levels required when called: 1
   209 ;; This function calls:
   210 ;;		___wmul
   211 ;; This function is called by:
   212 ;;		_main
   213 ;; This function uses a non-reentrant model
   214 ;;
   215                           
   216                           	psect	text1
   217   007F64                     __ptext1:
   218                           	callstack 0
   219   007F64                     _delay_seconds:
   220                           	callstack 29
   221   007F64  C007  F001         	movff	delay_seconds@seconds,___wmul@multiplier
   222   007F68  C008  F002         	movff	delay_seconds@seconds+1,___wmul@multiplier+1
   223   007F6C  0E27               	movlw	39
   224   007F6E  6E04               	movwf	(___wmul@multiplicand+1)^0,c
   225   007F70  0E10               	movlw	16
   226   007F72  6E03               	movwf	___wmul@multiplicand^0,c
   227   007F74  EC9F  F03F         	call	___wmul	;wreg free
   228   007F78  C001  F009         	movff	?___wmul,delay_seconds@iterations
   229   007F7C  C002  F00A         	movff	?___wmul+1,delay_seconds@iterations+1
   230   007F80  0E00               	movlw	0
   231   007F82  6E0C               	movwf	(delay_seconds@i+1)^0,c
   232   007F84  0E00               	movlw	0
   233   007F86  6E0B               	movwf	delay_seconds@i^0,c
   234   007F88  EFCD  F03F         	goto	l733
   235   007F8C                     l8:
   236   007F8C  0E1D               	movlw	29	;# 
   237   007F8E  6F24               	movwf	36,b	;# 
   238   007F90                     inner:
   239   007F90  2F24               	decfsz	36,f,b	;# 
   240   007F92  D7FE               	bra	inner	;# 
   241   007F94  F000               	nop		;# 
   242   007F96  4A0B               	infsnz	delay_seconds@i^0,f,c
   243   007F98  2A0C               	incf	(delay_seconds@i+1)^0,f,c
   244   007F9A                     l733:
   245   007F9A  5009               	movf	delay_seconds@iterations^0,w,c
   246   007F9C  5C0B               	subwf	delay_seconds@i^0,w,c
   247   007F9E  500A               	movf	(delay_seconds@iterations+1)^0,w,c
   248   007FA0  580C               	subwfb	(delay_seconds@i+1)^0,w,c
   249   007FA2  A0D8               	btfss	status,0,c
   250   007FA4  EFD6  F03F         	goto	u31
   251   007FA8  EFD8  F03F         	goto	u30
   252   007FAC                     u31:
   253   007FAC  EFC6  F03F         	goto	l8
   254   007FB0                     u30:
   255   007FB0  0012               	return		;funcret
   256   007FB2                     __end_of_delay_seconds:
   257                           	callstack 0
   258                           
   259 ;; *************** function ___wmul *****************
   260 ;; Defined at:
   261 ;;		line 15 in file "C:\Program Files\Microchip\xc8\v2.41\pic\sources\c99\common\Umul16.c"
   262 ;; Parameters:    Size  Location     Type
   263 ;;  multiplier      2    0[COMRAM] unsigned int 
   264 ;;  multiplicand    2    2[COMRAM] unsigned int 
   265 ;; Auto vars:     Size  Location     Type
   266 ;;  product         2    4[COMRAM] unsigned int 
   267 ;; Return value:  Size  Location     Type
   268 ;;                  2    0[COMRAM] unsigned int 
   269 ;; Registers used:
   270 ;;		wreg, status,2, status,0, prodl, prodh
   271 ;; Tracked objects:
   272 ;;		On entry : 0/0
   273 ;;		On exit  : 0/0
   274 ;;		Unchanged: 0/0
   275 ;; Data sizes:     COMRAM   BANK0   BANK1   BANK2   BANK3   BANK4   BANK5
   276 ;;      Params:         4       0       0       0       0       0       0
   277 ;;      Locals:         2       0       0       0       0       0       0
   278 ;;      Temps:          0       0       0       0       0       0       0
   279 ;;      Totals:         6       0       0       0       0       0       0
   280 ;;Total ram usage:        6 bytes
   281 ;; Hardware stack levels used: 1
   282 ;; This function calls:
   283 ;;		Nothing
   284 ;; This function is called by:
   285 ;;		_delay_seconds
   286 ;; This function uses a non-reentrant model
   287 ;;
   288                           
   289                           	psect	text2
   290   007F3E                     __ptext2:
   291                           	callstack 0
   292   007F3E                     ___wmul:
   293                           	callstack 29
   294   007F3E  5001               	movf	___wmul@multiplier^0,w,c
   295   007F40  0203               	mulwf	___wmul@multiplicand^0,c
   296   007F42  CFF3 F005          	movff	prodl,___wmul@product
   297   007F46  CFF4 F006          	movff	prodh,___wmul@product+1
   298   007F4A  5001               	movf	___wmul@multiplier^0,w,c
   299   007F4C  0204               	mulwf	(___wmul@multiplicand+1)^0,c
   300   007F4E  50F3               	movf	243,w,c
   301   007F50  2606               	addwf	(___wmul@product+1)^0,f,c
   302   007F52  5002               	movf	(___wmul@multiplier+1)^0,w,c
   303   007F54  0203               	mulwf	___wmul@multiplicand^0,c
   304   007F56  50F3               	movf	243,w,c
   305   007F58  2606               	addwf	(___wmul@product+1)^0,f,c
   306   007F5A  C005  F001         	movff	___wmul@product,?___wmul
   307   007F5E  C006  F002         	movff	___wmul@product+1,?___wmul+1
   308   007F62  0012               	return		;funcret
   309   007F64                     __end_of___wmul:
   310                           	callstack 0
   311   000000                     
   312                           	psect	rparam
   313   000000                     
   314                           	psect	idloc
   315                           
   316                           ;Config register IDLOC0 @ 0x200000
   317                           ;	unspecified, using default values
   318   200000                     	org	2097152
   319   200000  FF                 	db	255
   320                           
   321                           ;Config register IDLOC1 @ 0x200001
   322                           ;	unspecified, using default values
   323   200001                     	org	2097153
   324   200001  FF                 	db	255
   325                           
   326                           ;Config register IDLOC2 @ 0x200002
   327                           ;	unspecified, using default values
   328   200002                     	org	2097154
   329   200002  FF                 	db	255
   330                           
   331                           ;Config register IDLOC3 @ 0x200003
   332                           ;	unspecified, using default values
   333   200003                     	org	2097155
   334   200003  FF                 	db	255
   335                           
   336                           ;Config register IDLOC4 @ 0x200004
   337                           ;	unspecified, using default values
   338   200004                     	org	2097156
   339   200004  FF                 	db	255
   340                           
   341                           ;Config register IDLOC5 @ 0x200005
   342                           ;	unspecified, using default values
   343   200005                     	org	2097157
   344   200005  FF                 	db	255
   345                           
   346                           ;Config register IDLOC6 @ 0x200006
   347                           ;	unspecified, using default values
   348   200006                     	org	2097158
   349   200006  FF                 	db	255
   350                           
   351                           ;Config register IDLOC7 @ 0x200007
   352                           ;	unspecified, using default values
   353   200007                     	org	2097159
   354   200007  FF                 	db	255
   355                           
   356                           	psect	config
   357                           
   358                           ; Padding undefined space
   359   300000                     	org	3145728
   360   300000  FF                 	db	255
   361                           
   362                           ;Config register CONFIG1H @ 0x300001
   363                           ;	Oscillator Selection bits
   364                           ;	OSC = XT, XT oscillator
   365                           ;	Fail-Safe Clock Monitor Enable bit
   366                           ;	FCMEN = 0x0, unprogrammed default
   367                           ;	Internal/External Oscillator Switchover bit
   368                           ;	IESO = 0x0, unprogrammed default
   369   300001                     	org	3145729
   370   300001  01                 	db	1
   371                           
   372                           ;Config register CONFIG2L @ 0x300002
   373                           ;	unspecified, using default values
   374                           ;	Power-up Timer Enable bit
   375                           ;	PWRT = 0x1, unprogrammed default
   376                           ;	Brown-out Reset Enable bits
   377                           ;	BOREN = 0x3, unprogrammed default
   378                           ;	Brown Out Reset Voltage bits
   379                           ;	BORV = 0x3, unprogrammed default
   380   300002                     	org	3145730
   381   300002  1F                 	db	31
   382                           
   383                           ;Config register CONFIG2H @ 0x300003
   384                           ;	Watchdog Timer Enable bit
   385                           ;	WDT = OFF, WDT disabled (control is placed on the SWDTEN bit)
   386                           ;	Watchdog Timer Postscale Select bits
   387                           ;	WDTPS = 0xF, unprogrammed default
   388   300003                     	org	3145731
   389   300003  1E                 	db	30
   390                           
   391                           ; Padding undefined space
   392   300004                     	org	3145732
   393   300004  FF                 	db	255
   394                           
   395                           ;Config register CONFIG3H @ 0x300005
   396                           ;	unspecified, using default values
   397                           ;	CCP2 MUX bit
   398                           ;	CCP2MX = 0x1, unprogrammed default
   399                           ;	PORTB A/D Enable bit
   400                           ;	PBADEN = 0x1, unprogrammed default
   401                           ;	Low-Power Timer1 Oscillator Enable bit
   402                           ;	LPT1OSC = 0x0, unprogrammed default
   403                           ;	MCLR Pin Enable bit
   404                           ;	MCLRE = 0x1, unprogrammed default
   405   300005                     	org	3145733
   406   300005  83                 	db	131
   407                           
   408                           ;Config register CONFIG4L @ 0x300006
   409                           ;	Stack Full/Underflow Reset Enable bit
   410                           ;	STVREN = 0x1, unprogrammed default
   411                           ;	Single-Supply ICSP Enable bit
   412                           ;	LVP = OFF, Single-Supply ICSP disabled
   413                           ;	Extended Instruction Set Enable bit
   414                           ;	XINST = 0x0, unprogrammed default
   415                           ;	Background Debugger Enable bit
   416                           ;	DEBUG = 0x1, unprogrammed default
   417   300006                     	org	3145734
   418   300006  81                 	db	129
   419                           
   420                           ; Padding undefined space
   421   300007                     	org	3145735
   422   300007  FF                 	db	255
   423                           
   424                           ;Config register CONFIG5L @ 0x300008
   425                           ;	unspecified, using default values
   426                           ;	Code Protection bit
   427                           ;	CP0 = 0x1, unprogrammed default
   428                           ;	Code Protection bit
   429                           ;	CP1 = 0x1, unprogrammed default
   430                           ;	Code Protection bit
   431                           ;	CP2 = 0x1, unprogrammed default
   432                           ;	Code Protection bit
   433                           ;	CP3 = 0x1, unprogrammed default
   434   300008                     	org	3145736
   435   300008  0F                 	db	15
   436                           
   437                           ;Config register CONFIG5H @ 0x300009
   438                           ;	unspecified, using default values
   439                           ;	Boot Block Code Protection bit
   440                           ;	CPB = 0x1, unprogrammed default
   441                           ;	Data EEPROM Code Protection bit
   442                           ;	CPD = 0x1, unprogrammed default
   443   300009                     	org	3145737
   444   300009  C0                 	db	192
   445                           
   446                           ;Config register CONFIG6L @ 0x30000A
   447                           ;	unspecified, using default values
   448                           ;	Write Protection bit
   449                           ;	WRT0 = 0x1, unprogrammed default
   450                           ;	Write Protection bit
   451                           ;	WRT1 = 0x1, unprogrammed default
   452                           ;	Write Protection bit
   453                           ;	WRT2 = 0x1, unprogrammed default
   454                           ;	Write Protection bit
   455                           ;	WRT3 = 0x1, unprogrammed default
   456   30000A                     	org	3145738
   457   30000A  0F                 	db	15
   458                           
   459                           ;Config register CONFIG6H @ 0x30000B
   460                           ;	unspecified, using default values
   461                           ;	Configuration Register Write Protection bit
   462                           ;	WRTC = 0x1, unprogrammed default
   463                           ;	Boot Block Write Protection bit
   464                           ;	WRTB = 0x1, unprogrammed default
   465                           ;	Data EEPROM Write Protection bit
   466                           ;	WRTD = 0x1, unprogrammed default
   467   30000B                     	org	3145739
   468   30000B  E0                 	db	224
   469                           
   470                           ;Config register CONFIG7L @ 0x30000C
   471                           ;	unspecified, using default values
   472                           ;	Table Read Protection bit
   473                           ;	EBTR0 = 0x1, unprogrammed default
   474                           ;	Table Read Protection bit
   475                           ;	EBTR1 = 0x1, unprogrammed default
   476                           ;	Table Read Protection bit
   477                           ;	EBTR2 = 0x1, unprogrammed default
   478                           ;	Table Read Protection bit
   479                           ;	EBTR3 = 0x1, unprogrammed default
   480   30000C                     	org	3145740
   481   30000C  0F                 	db	15
   482                           
   483                           ;Config register CONFIG7H @ 0x30000D
   484                           ;	unspecified, using default values
   485                           ;	Boot Block Table Read Protection bit
   486                           ;	EBTRB = 0x1, unprogrammed default
   487   30000D                     	org	3145741
   488   30000D  40                 	db	64
   489                           tosu	equ	0xFFF
   490                           tosh	equ	0xFFE
   491                           tosl	equ	0xFFD
   492                           stkptr	equ	0xFFC
   493                           pclatu	equ	0xFFB
   494                           pclath	equ	0xFFA
   495                           pcl	equ	0xFF9
   496                           tblptru	equ	0xFF8
   497                           tblptrh	equ	0xFF7
   498                           tblptrl	equ	0xFF6
   499                           tablat	equ	0xFF5
   500                           prodh	equ	0xFF4
   501                           prodl	equ	0xFF3
   502                           indf0	equ	0xFEF
   503                           postinc0	equ	0xFEE
   504                           postdec0	equ	0xFED
   505                           preinc0	equ	0xFEC
   506                           plusw0	equ	0xFEB
   507                           fsr0h	equ	0xFEA
   508                           fsr0l	equ	0xFE9
   509                           wreg	equ	0xFE8
   510                           indf1	equ	0xFE7
   511                           postinc1	equ	0xFE6
   512                           postdec1	equ	0xFE5
   513                           preinc1	equ	0xFE4
   514                           plusw1	equ	0xFE3
   515                           fsr1h	equ	0xFE2
   516                           fsr1l	equ	0xFE1
   517                           bsr	equ	0xFE0
   518                           indf2	equ	0xFDF
   519                           postinc2	equ	0xFDE
   520                           postdec2	equ	0xFDD
   521                           preinc2	equ	0xFDC
   522                           plusw2	equ	0xFDB
   523                           fsr2h	equ	0xFDA
   524                           fsr2l	equ	0xFD9
   525                           status	equ	0xFD8

Data Sizes:
    Strings     0
    Constant    0
    Data        0
    BSS         0
    Persistent  0
    Stack       0

Auto Spaces:
    Space          Size  Autos    Used
    COMRAM          127     14      14
    BANK0           128      0       0
    BANK1           256      0       0
    BANK2           256      0       0
    BANK3           256      0       0
    BANK4           256      0       0
    BANK5           256      0       0

Pointer List with Targets:

    None.

Critical Paths under _main in COMRAM

    _main->_delay_seconds
    _delay_seconds->___wmul

Critical Paths under _main in BANK0

    None.

Critical Paths under _main in BANK1

    None.

Critical Paths under _main in BANK2

    None.

Critical Paths under _main in BANK3

    None.

Critical Paths under _main in BANK4

    None.

Critical Paths under _main in BANK5

    None.

Call Graph Tables:

 ---------------------------------------------------------------------------------
 (Depth) Function   	        Calls       Base Space   Used Autos Params    Refs
 ---------------------------------------------------------------------------------
 (0) _main                                                 2     2      0     525
                                             12 COMRAM     2     2      0
                      _delay_seconds
 ---------------------------------------------------------------------------------
 (1) _delay_seconds                                        6     4      2     456
                                              6 COMRAM     6     4      2
                             ___wmul
 ---------------------------------------------------------------------------------
 (2) ___wmul                                               6     2      4     311
                                              0 COMRAM     6     2      4
 ---------------------------------------------------------------------------------
 Estimated maximum stack depth 2
 ---------------------------------------------------------------------------------

 Call Graph Graphs:

 _main (ROOT)
   _delay_seconds
     ___wmul

 Address spaces:
Name               Size   Autos  Total    Cost      Usage
BITCOMRAM           7F      0       0       0        0.0%
EEDATA             100      0       0       0        0.0%
NULL                 0      0       0       0        0.0%
CODE                 0      0       0       0        0.0%
COMRAM              7F      E       E       1       11.0%
STACK                0      0       0       2        0.0%
DATA                 0      0       0       3        0.0%
BITBANK0            80      0       0       4        0.0%
BANK0               80      0       0       5        0.0%
BITBANK1           100      0       0       6        0.0%
BANK1              100      0       0       7        0.0%
BITBANK2           100      0       0       8        0.0%
BANK2              100      0       0       9        0.0%
BITBANK3           100      0       0      10        0.0%
BANK3              100      0       0      11        0.0%
BITBANK4           100      0       0      12        0.0%
BANK4              100      0       0      13        0.0%
BITBANK5           100      0       0      14        0.0%
BANK5              100      0       0      15        0.0%
BITBIGSFRh          6C      0       0      16        0.0%
BITBIGSFRlh         11      0       0      17        0.0%
BITBIGSFRll          1      0       0      18        0.0%
ABS                  0      0       0      19        0.0%
BIGRAM             5FF      0       0      20        0.0%
BIGSFR               0      0       0     200        0.0%
BITSFR               0      0       0     200        0.0%
SFR                  0      0       0     200        0.0%


Microchip Technology PIC18 Macro Assembler V2.41 build 20230208172133 
Symbol Table                                                                                   Sun Oct 08 17:29:49 2023

                      l8 7F8C                       l10 7FB0                       l22 7F62  
                     u30 7FB0                       u31 7FAC                       u40 7FE4  
                     u41 7FE0      ___wmul@multiplicand 0003                      l721 7F3E  
                    l723 7F5A                      l731 7F96                      l733 7F9A  
                    l741 7FD0                      l727 7F64                      l743 7FE4  
                    l735 7FB2                      l729 7F80                      l745 7FEC  
                    l737 7FC2                      l739 7FC6                     _main 7FB2  
                   inner 7F90                     prodh 0FF4                     prodl 0FF3  
                   start 0000             ___param_bank 0000                    ?_main 0001  
                  _PORTB 0F81                    _TRISB 0F93                    main@i 000D  
                  status 0FD8           delay_seconds@i 000B          __initialization 7F38  
           __end_of_main 8000                   ??_main 000D            __activetblptr 0000  
  __end_of_delay_seconds 7FB2                   ___wmul 7F3E                   isa$std 0001  
             __accesstop 0080  __end_of__initialization 7F38            ___rparam_used 0001  
         __pcstackCOMRAM 0001     delay_seconds@seconds 0007                  ?___wmul 0001  
                __Hparam 0000                  __Lparam 0000                  __pcinit 7F38  
                __ramtop 0600                  __ptext0 7FB2                  __ptext1 7F64  
                __ptext2 7F3E     end_of_initialization 7F38           __end_of___wmul 7F64  
    start_initialization 7F38  delay_seconds@iterations 0009                 ??___wmul 0005  
          _delay_seconds 7F64           ?_delay_seconds 0007           ___wmul@product 0005  
      ___wmul@multiplier 0001                 __Hrparam 0000                 __Lrparam 0000  
        ??_delay_seconds 0009                 isa$xinst 0000                 counter_l 0024  
